Performing C SOURCE FILE Test CMAKE_HAVE_LIBC_PTHREAD failed with the following output:
Change Dir: /home/luna/Documents/dev/workspaces/Projeto_Mascara/dlib-19.21/tools/imglab/build/CMakeFiles/CMakeTmp

Run Build Command(s):/usr/bin/make cmTC_659de/fast && /usr/bin/make -f CMakeFiles/cmTC_659de.dir/build.make CMakeFiles/cmTC_659de.dir/build
make[1]: Entering directory '/home/luna/Documents/dev/workspaces/Projeto_Mascara/dlib-19.21/tools/imglab/build/CMakeFiles/CMakeTmp'
Building C object CMakeFiles/cmTC_659de.dir/src.c.o
/usr/bin/cc   -DCMAKE_HAVE_LIBC_PTHREAD   -o CMakeFiles/cmTC_659de.dir/src.c.o   -c /home/luna/Documents/dev/workspaces/Projeto_Mascara/dlib-19.21/tools/imglab/build/CMakeFiles/CMakeTmp/src.c
Linking C executable cmTC_659de
/usr/bin/cmake -E cmake_link_script CMakeFiles/cmTC_659de.dir/link.txt --verbose=1
/usr/bin/cc  -DCMAKE_HAVE_LIBC_PTHREAD    -rdynamic CMakeFiles/cmTC_659de.dir/src.c.o  -o cmTC_659de 
/usr/bin/ld: CMakeFiles/cmTC_659de.dir/src.c.o: in function `main':
src.c:(.text+0x46): undefined reference to `pthread_create'
/usr/bin/ld: src.c:(.text+0x52): undefined reference to `pthread_detach'
/usr/bin/ld: src.c:(.text+0x63): undefined reference to `pthread_join'
collect2: error: ld returned 1 exit status
make[1]: *** [CMakeFiles/cmTC_659de.dir/build.make:87: cmTC_659de] Error 1
make[1]: Leaving directory '/home/luna/Documents/dev/workspaces/Projeto_Mascara/dlib-19.21/tools/imglab/build/CMakeFiles/CMakeTmp'
make: *** [Makefile:121: cmTC_659de/fast] Error 2


Source file was:
#include <pthread.h>

void* test_func(void* data)
{
  return data;
}

int main(void)
{
  pthread_t thread;
  pthread_create(&thread, NULL, test_func, NULL);
  pthread_detach(thread);
  pthread_join(thread, NULL);
  pthread_atfork(NULL, NULL, NULL);
  pthread_exit(NULL);

  return 0;
}

Determining if the function pthread_create exists in the pthreads failed with the following output:
Change Dir: /home/luna/Documents/dev/workspaces/Projeto_Mascara/dlib-19.21/tools/imglab/build/CMakeFiles/CMakeTmp

Run Build Command(s):/usr/bin/make cmTC_db28d/fast && /usr/bin/make -f CMakeFiles/cmTC_db28d.dir/build.make CMakeFiles/cmTC_db28d.dir/build
make[1]: Entering directory '/home/luna/Documents/dev/workspaces/Projeto_Mascara/dlib-19.21/tools/imglab/build/CMakeFiles/CMakeTmp'
Building C object CMakeFiles/cmTC_db28d.dir/CheckFunctionExists.c.o
/usr/bin/cc   -DCHECK_FUNCTION_EXISTS=pthread_create   -o CMakeFiles/cmTC_db28d.dir/CheckFunctionExists.c.o   -c /usr/share/cmake-3.16/Modules/CheckFunctionExists.c
Linking C executable cmTC_db28d
/usr/bin/cmake -E cmake_link_script CMakeFiles/cmTC_db28d.dir/link.txt --verbose=1
/usr/bin/cc  -DCHECK_FUNCTION_EXISTS=pthread_create    -rdynamic CMakeFiles/cmTC_db28d.dir/CheckFunctionExists.c.o  -o cmTC_db28d  -lpthreads 
/usr/bin/ld: cannot find -lpthreads
collect2: error: ld returned 1 exit status
make[1]: *** [CMakeFiles/cmTC_db28d.dir/build.make:87: cmTC_db28d] Error 1
make[1]: Leaving directory '/home/luna/Documents/dev/workspaces/Projeto_Mascara/dlib-19.21/tools/imglab/build/CMakeFiles/CMakeTmp'
make: *** [Makefile:121: cmTC_db28d/fast] Error 2



Determining if the function sgemm_ exists failed with the following output:
Change Dir: /home/luna/Documents/dev/workspaces/Projeto_Mascara/dlib-19.21/tools/imglab/build/CMakeFiles/CMakeTmp

Run Build Command(s):/usr/bin/make cmTC_a71ae/fast && /usr/bin/make -f CMakeFiles/cmTC_a71ae.dir/build.make CMakeFiles/cmTC_a71ae.dir/build
make[1]: Entering directory '/home/luna/Documents/dev/workspaces/Projeto_Mascara/dlib-19.21/tools/imglab/build/CMakeFiles/CMakeTmp'
Building C object CMakeFiles/cmTC_a71ae.dir/CheckFunctionExists.c.o
/usr/bin/cc   -DCHECK_FUNCTION_EXISTS=sgemm_   -o CMakeFiles/cmTC_a71ae.dir/CheckFunctionExists.c.o   -c /usr/share/cmake-3.16/Modules/CheckFunctionExists.c
Linking C executable cmTC_a71ae
/usr/bin/cmake -E cmake_link_script CMakeFiles/cmTC_a71ae.dir/link.txt --verbose=1
/usr/bin/cc  -DCHECK_FUNCTION_EXISTS=sgemm_    -rdynamic CMakeFiles/cmTC_a71ae.dir/CheckFunctionExists.c.o  -o cmTC_a71ae 
/usr/bin/ld: CMakeFiles/cmTC_a71ae.dir/CheckFunctionExists.c.o: in function `main':
CheckFunctionExists.c:(.text+0x14): undefined reference to `sgemm_'
collect2: error: ld returned 1 exit status
make[1]: *** [CMakeFiles/cmTC_a71ae.dir/build.make:87: cmTC_a71ae] Error 1
make[1]: Leaving directory '/home/luna/Documents/dev/workspaces/Projeto_Mascara/dlib-19.21/tools/imglab/build/CMakeFiles/CMakeTmp'
make: *** [Makefile:121: cmTC_a71ae/fast] Error 2



